<?xml version="1.0" encoding="UTF-8"?>
<!-- Generated by org.testng.reporters.JUnitXMLReporter -->
<testsuite ignored="0" hostname="LAPTOP-99Q7U8JR" failures="0" tests="6" name="ChromeTest" time="25.75" errors="0" timestamp="2025-07-26T14:17:42 IST">
  <testcase classname="testCases.TC001_AccountRegistrationTest" name="accountregistration" time="4.727"/>
  <testcase classname="testCases.TC002_Login" name="login" time="2.685"/>
  <testcase classname="testCases.TC002_Login" name="login" time="2.544"/>
  <testcase classname="testCases.TC002_Login" name="login" time="2.394"/>
  <testcase classname="testCases.TC002_Login" name="login" time="2.346"/>
  <testcase classname="testCases.TC002_Login" name="login" time="2.391"/>
</testsuite> <!-- ChromeTest -->
