<?xml version="1.0" encoding="UTF-8"?>
<!-- Generated by org.testng.reporters.JUnitXMLReporter -->
<testsuite ignored="0" hostname="LAPTOP-99Q7U8JR" failures="0" tests="6" name="EdgeTest" time="31.446" errors="0" timestamp="2025-07-26T14:17:48 IST">
  <testcase classname="testCases.TC001_AccountRegistrationTest" name="accountregistration" time="4.758"/>
  <testcase classname="testCases.TC002_Login" name="login" time="2.506"/>
  <testcase classname="testCases.TC002_Login" name="login" time="2.575"/>
  <testcase classname="testCases.TC002_Login" name="login" time="4.304"/>
  <testcase classname="testCases.TC002_Login" name="login" time="5.388"/>
  <testcase classname="testCases.TC002_Login" name="login" time="4.286"/>
</testsuite> <!-- EdgeTest -->
