<?xml version="1.0" encoding="UTF-8"?>
<!-- Generated by org.testng.reporters.JUnitXMLReporter -->
<testsuite ignored="0" hostname="LAPTOP-99Q7U8JR" failures="0" tests="8" name="Test" time="82.017" errors="0" timestamp="2025-07-29T11:50:07 IST">
  <testcase classname="testCases.TC001_AccountRegistrationTest" name="accountregistration" time="5.636"/>
  <testcase classname="testCases.TC002_Login" name="login" time="2.806"/>
  <testcase classname="testCases.TC003_LoginDDT" name="verify_loginDDT" time="11.226"/>
  <testcase classname="testCases.TC003_LoginDDT" name="verify_loginDDT" time="11.331"/>
  <testcase classname="testCases.TC003_LoginDDT" name="verify_loginDDT" time="12.086"/>
  <testcase classname="testCases.TC003_LoginDDT" name="verify_loginDDT" time="1.942"/>
  <testcase classname="testCases.TC004_Logout" name="logout" time="5.297"/>
  <testcase classname="testCases.TC005_ForgotPassword" name="forgotpassword" time="1.426"/>
</testsuite> <!-- Test -->
