<?xml version="1.0" encoding="UTF-8"?>
<!-- Generated by org.testng.reporters.JUnitXMLReporter -->
<testsuite ignored="0" hostname="LAPTOP-99Q7U8JR" failures="0" tests="8" name="Test" time="77.981" errors="0" timestamp="2025-08-02T16:40:51 IST">
  <testcase classname="testCases.TC001_AccountRegistrationTest" name="accountregistration" time="6.371"/>
  <testcase classname="testCases.TC002_Login" name="login" time="3.008"/>
  <testcase classname="testCases.TC003_LoginDDT" name="verify_loginDDT" time="12.389"/>
  <testcase classname="testCases.TC003_LoginDDT" name="verify_loginDDT" time="11.518"/>
  <testcase classname="testCases.TC003_LoginDDT" name="verify_loginDDT" time="11.687"/>
  <testcase classname="testCases.TC003_LoginDDT" name="verify_loginDDT" time="1.557"/>
  <testcase classname="testCases.TC004_Logout" name="logout" time="5.289"/>
  <testcase classname="testCases.TC005_ForgotPassword" name="forgotpassword" time="1.027"/>
</testsuite> <!-- Test -->
