<?xml version="1.0" encoding="UTF-8"?>
<testng-results ignored="0" total="8" passed="8" failed="0" skipped="0">
  <reporter-output>
  </reporter-output>
  <suite started-at="2025-08-02T16:39:31 IST" name="Suite" finished-at="2025-08-02T16:40:49 IST" duration-ms="77981">
    <groups>
      <group name="Master">
        <method signature="TC001_AccountRegistrationTest.accountregistration()[pri:0, instance:testCases.TC001_AccountRegistrationTest@38831718]" name="accountregistration" class="testCases.TC001_AccountRegistrationTest"/>
        <method signature="TC002_Login.login(java.lang.String,java.lang.String)[pri:0, instance:testCases.TC002_Login@e19bb76]" name="login" class="testCases.TC002_Login"/>
        <method signature="TC003_LoginDDT.verify_loginDDT(java.lang.String,java.lang.String,java.lang.String)[pri:0, instance:testCases.TC003_LoginDDT@512535ff]" name="verify_loginDDT" class="testCases.TC003_LoginDDT"/>
      </group> <!-- Master -->
      <group name="Sanity">
        <method signature="TC001_AccountRegistrationTest.accountregistration()[pri:0, instance:testCases.TC001_AccountRegistrationTest@38831718]" name="accountregistration" class="testCases.TC001_AccountRegistrationTest"/>
        <method signature="TC002_Login.login(java.lang.String,java.lang.String)[pri:0, instance:testCases.TC002_Login@e19bb76]" name="login" class="testCases.TC002_Login"/>
      </group> <!-- Sanity -->
      <group name="Regression">
        <method signature="TC001_AccountRegistrationTest.accountregistration()[pri:0, instance:testCases.TC001_AccountRegistrationTest@38831718]" name="accountregistration" class="testCases.TC001_AccountRegistrationTest"/>
        <method signature="TC002_Login.login(java.lang.String,java.lang.String)[pri:0, instance:testCases.TC002_Login@e19bb76]" name="login" class="testCases.TC002_Login"/>
      </group> <!-- Regression -->
    </groups>
    <test started-at="2025-08-02T16:39:31 IST" name="Test" finished-at="2025-08-02T16:40:49 IST" duration-ms="77981">
      <class name="testCases.TC004_Logout">
        <test-method is-config="true" signature="setup(java.lang.String,java.lang.String)[pri:0, instance:testCases.TC004_Logout@71529963]" started-at="2025-08-02T16:40:35 IST" name="setup" finished-at="2025-08-02T16:40:39 IST" duration-ms="3785" status="PASS">
          <params>
            <param index="0">
              <value>
                <![CDATA[window]]>
              </value>
            </param>
            <param index="1">
              <value>
                <![CDATA[chrome]]>
              </value>
            </param>
          </params>
          <reporter-output>
          </reporter-output>
        </test-method> <!-- setup -->
        <test-method signature="logout()[pri:0, instance:testCases.TC004_Logout@71529963]" started-at="2025-08-02T16:40:39 IST" name="logout" finished-at="2025-08-02T16:40:44 IST" duration-ms="5289" status="PASS">
          <reporter-output>
          </reporter-output>
        </test-method> <!-- logout -->
        <test-method is-config="true" signature="teardown()[pri:0, instance:testCases.TC004_Logout@71529963]" started-at="2025-08-02T16:40:44 IST" name="teardown" finished-at="2025-08-02T16:40:44 IST" duration-ms="254" status="PASS">
          <reporter-output>
          </reporter-output>
        </test-method> <!-- teardown -->
      </class> <!-- testCases.TC004_Logout -->
      <class name="testCases.TC003_LoginDDT">
        <test-method is-config="true" signature="setup(java.lang.String,java.lang.String)[pri:0, instance:testCases.TC003_LoginDDT@512535ff]" started-at="2025-08-02T16:39:49 IST" name="setup" finished-at="2025-08-02T16:39:56 IST" duration-ms="7337" status="PASS">
          <params>
            <param index="0">
              <value>
                <![CDATA[window]]>
              </value>
            </param>
            <param index="1">
              <value>
                <![CDATA[chrome]]>
              </value>
            </param>
          </params>
          <reporter-output>
          </reporter-output>
        </test-method> <!-- setup -->
        <test-method signature="verify_loginDDT(java.lang.String,java.lang.String,java.lang.String)[pri:0, instance:testCases.TC003_LoginDDT@512535ff]" started-at="2025-08-02T16:39:58 IST" name="verify_loginDDT" data-provider="LoginData" finished-at="2025-08-02T16:40:10 IST" duration-ms="12389" status="PASS">
          <params>
            <param index="0">
              <value>
                <![CDATA[abcdefg@gmail.com]]>
              </value>
            </param>
            <param index="1">
              <value>
                <![CDATA[123321123]]>
              </value>
            </param>
            <param index="2">
              <value>
                <![CDATA[Invalid]]>
              </value>
            </param>
          </params>
          <reporter-output>
          </reporter-output>
        </test-method> <!-- verify_loginDDT -->
        <test-method signature="verify_loginDDT(java.lang.String,java.lang.String,java.lang.String)[pri:0, instance:testCases.TC003_LoginDDT@512535ff]" started-at="2025-08-02T16:40:10 IST" name="verify_loginDDT" data-provider="LoginData" finished-at="2025-08-02T16:40:22 IST" duration-ms="11518" status="PASS">
          <params>
            <param index="0">
              <value>
                <![CDATA[abcdefg@gmail.com]]>
              </value>
            </param>
            <param index="1">
              <value>
                <![CDATA[venkat123321]]>
              </value>
            </param>
            <param index="2">
              <value>
                <![CDATA[Invalid]]>
              </value>
            </param>
          </params>
          <reporter-output>
          </reporter-output>
        </test-method> <!-- verify_loginDDT -->
        <test-method signature="verify_loginDDT(java.lang.String,java.lang.String,java.lang.String)[pri:0, instance:testCases.TC003_LoginDDT@512535ff]" started-at="2025-08-02T16:40:22 IST" name="verify_loginDDT" data-provider="LoginData" finished-at="2025-08-02T16:40:33 IST" duration-ms="11687" status="PASS">
          <params>
            <param index="0">
              <value>
                <![CDATA[venkat1234321@gmail.com]]>
              </value>
            </param>
            <param index="1">
              <value>
                <![CDATA[kjiui]]>
              </value>
            </param>
            <param index="2">
              <value>
                <![CDATA[Invalid]]>
              </value>
            </param>
          </params>
          <reporter-output>
          </reporter-output>
        </test-method> <!-- verify_loginDDT -->
        <test-method signature="verify_loginDDT(java.lang.String,java.lang.String,java.lang.String)[pri:0, instance:testCases.TC003_LoginDDT@512535ff]" started-at="2025-08-02T16:40:33 IST" name="verify_loginDDT" data-provider="LoginData" finished-at="2025-08-02T16:40:35 IST" duration-ms="1557" status="PASS">
          <params>
            <param index="0">
              <value>
                <![CDATA[venkat1234321@gmail.com]]>
              </value>
            </param>
            <param index="1">
              <value>
                <![CDATA[venkat123321]]>
              </value>
            </param>
            <param index="2">
              <value>
                <![CDATA[Valid]]>
              </value>
            </param>
          </params>
          <reporter-output>
          </reporter-output>
        </test-method> <!-- verify_loginDDT -->
        <test-method is-config="true" signature="teardown()[pri:0, instance:testCases.TC003_LoginDDT@512535ff]" started-at="2025-08-02T16:40:35 IST" name="teardown" finished-at="2025-08-02T16:40:35 IST" duration-ms="245" status="PASS">
          <reporter-output>
          </reporter-output>
        </test-method> <!-- teardown -->
      </class> <!-- testCases.TC003_LoginDDT -->
      <class name="testCases.TC002_Login">
        <test-method is-config="true" signature="setup(java.lang.String,java.lang.String)[pri:0, instance:testCases.TC002_Login@e19bb76]" started-at="2025-08-02T16:39:43 IST" name="setup" finished-at="2025-08-02T16:39:46 IST" duration-ms="3343" status="PASS">
          <params>
            <param index="0">
              <value>
                <![CDATA[window]]>
              </value>
            </param>
            <param index="1">
              <value>
                <![CDATA[chrome]]>
              </value>
            </param>
          </params>
          <reporter-output>
          </reporter-output>
        </test-method> <!-- setup -->
        <test-method signature="login(java.lang.String,java.lang.String)[pri:0, instance:testCases.TC002_Login@e19bb76]" started-at="2025-08-02T16:39:46 IST" name="login" data-provider="dp" finished-at="2025-08-02T16:39:49 IST" duration-ms="3008" status="PASS">
          <params>
            <param index="0">
              <value>
                <![CDATA[venkat1234321@gmail.com]]>
              </value>
            </param>
            <param index="1">
              <value>
                <![CDATA[venkat123321]]>
              </value>
            </param>
          </params>
          <reporter-output>
          </reporter-output>
        </test-method> <!-- login -->
        <test-method is-config="true" signature="teardown()[pri:0, instance:testCases.TC002_Login@e19bb76]" started-at="2025-08-02T16:39:49 IST" name="teardown" finished-at="2025-08-02T16:39:49 IST" duration-ms="238" status="PASS">
          <reporter-output>
          </reporter-output>
        </test-method> <!-- teardown -->
      </class> <!-- testCases.TC002_Login -->
      <class name="testCases.TC005_ForgotPassword">
        <test-method is-config="true" signature="setup(java.lang.String,java.lang.String)[pri:0, instance:testCases.TC005_ForgotPassword@61a88b8c]" started-at="2025-08-02T16:40:44 IST" name="setup" finished-at="2025-08-02T16:40:48 IST" duration-ms="3655" status="PASS">
          <params>
            <param index="0">
              <value>
                <![CDATA[window]]>
              </value>
            </param>
            <param index="1">
              <value>
                <![CDATA[chrome]]>
              </value>
            </param>
          </params>
          <reporter-output>
          </reporter-output>
        </test-method> <!-- setup -->
        <test-method signature="forgotpassword()[pri:0, instance:testCases.TC005_ForgotPassword@61a88b8c]" started-at="2025-08-02T16:40:48 IST" name="forgotpassword" finished-at="2025-08-02T16:40:49 IST" duration-ms="1027" status="PASS">
          <reporter-output>
          </reporter-output>
        </test-method> <!-- forgotpassword -->
        <test-method is-config="true" signature="teardown()[pri:0, instance:testCases.TC005_ForgotPassword@61a88b8c]" started-at="2025-08-02T16:40:49 IST" name="teardown" finished-at="2025-08-02T16:40:49 IST" duration-ms="176" status="PASS">
          <reporter-output>
          </reporter-output>
        </test-method> <!-- teardown -->
      </class> <!-- testCases.TC005_ForgotPassword -->
      <class name="testCases.TC001_AccountRegistrationTest">
        <test-method is-config="true" signature="setup(java.lang.String,java.lang.String)[pri:0, instance:testCases.TC001_AccountRegistrationTest@38831718]" started-at="2025-08-02T16:39:32 IST" name="setup" finished-at="2025-08-02T16:39:36 IST" duration-ms="4406" status="PASS">
          <params>
            <param index="0">
              <value>
                <![CDATA[window]]>
              </value>
            </param>
            <param index="1">
              <value>
                <![CDATA[chrome]]>
              </value>
            </param>
          </params>
          <reporter-output>
          </reporter-output>
        </test-method> <!-- setup -->
        <test-method signature="accountregistration()[pri:0, instance:testCases.TC001_AccountRegistrationTest@38831718]" started-at="2025-08-02T16:39:36 IST" name="accountregistration" finished-at="2025-08-02T16:39:42 IST" duration-ms="6371" status="PASS">
          <reporter-output>
          </reporter-output>
        </test-method> <!-- accountregistration -->
        <test-method is-config="true" signature="teardown()[pri:0, instance:testCases.TC001_AccountRegistrationTest@38831718]" started-at="2025-08-02T16:39:42 IST" name="teardown" finished-at="2025-08-02T16:39:43 IST" duration-ms="220" status="PASS">
          <reporter-output>
          </reporter-output>
        </test-method> <!-- teardown -->
      </class> <!-- testCases.TC001_AccountRegistrationTest -->
    </test> <!-- Test -->
  </suite> <!-- Suite -->
</testng-results>
