<?xml version="1.0" encoding="UTF-8"?>
<testng-results ignored="0" total="8" passed="8" failed="0" skipped="0">
  <reporter-output>
  </reporter-output>
  <suite started-at="2025-07-29T11:48:43 IST" name="Suite" finished-at="2025-07-29T11:50:05 IST" duration-ms="82017">
    <groups>
      <group name="Master">
        <method signature="TC001_AccountRegistrationTest.accountregistration()[pri:0, instance:testCases.TC001_AccountRegistrationTest@41a2befb]" name="accountregistration" class="testCases.TC001_AccountRegistrationTest"/>
        <method signature="TC002_Login.login(java.lang.String,java.lang.String)[pri:0, instance:testCases.TC002_Login@2df3b89c]" name="login" class="testCases.TC002_Login"/>
        <method signature="TC003_LoginDDT.verify_loginDDT(java.lang.String,java.lang.String,java.lang.String)[pri:0, instance:testCases.TC003_LoginDDT@23348b5d]" name="verify_loginDDT" class="testCases.TC003_LoginDDT"/>
      </group> <!-- Master -->
      <group name="Sanity">
        <method signature="TC001_AccountRegistrationTest.accountregistration()[pri:0, instance:testCases.TC001_AccountRegistrationTest@41a2befb]" name="accountregistration" class="testCases.TC001_AccountRegistrationTest"/>
        <method signature="TC002_Login.login(java.lang.String,java.lang.String)[pri:0, instance:testCases.TC002_Login@2df3b89c]" name="login" class="testCases.TC002_Login"/>
      </group> <!-- Sanity -->
      <group name="Regression">
        <method signature="TC001_AccountRegistrationTest.accountregistration()[pri:0, instance:testCases.TC001_AccountRegistrationTest@41a2befb]" name="accountregistration" class="testCases.TC001_AccountRegistrationTest"/>
        <method signature="TC002_Login.login(java.lang.String,java.lang.String)[pri:0, instance:testCases.TC002_Login@2df3b89c]" name="login" class="testCases.TC002_Login"/>
      </group> <!-- Regression -->
    </groups>
    <test started-at="2025-07-29T11:48:43 IST" name="Test" finished-at="2025-07-29T11:50:05 IST" duration-ms="82017">
      <class name="testCases.TC004_Logout">
        <test-method is-config="true" signature="setup(java.lang.String,java.lang.String)[pri:0, instance:testCases.TC004_Logout@70325e14]" started-at="2025-07-29T11:49:48 IST" name="setup" finished-at="2025-07-29T11:49:51 IST" duration-ms="3251" status="PASS">
          <params>
            <param index="0">
              <value>
                <![CDATA[window]]>
              </value>
            </param>
            <param index="1">
              <value>
                <![CDATA[chrome]]>
              </value>
            </param>
          </params>
          <reporter-output>
          </reporter-output>
        </test-method> <!-- setup -->
        <test-method signature="logout()[pri:0, instance:testCases.TC004_Logout@70325e14]" started-at="2025-07-29T11:49:51 IST" name="logout" finished-at="2025-07-29T11:49:56 IST" duration-ms="5297" status="PASS">
          <reporter-output>
          </reporter-output>
        </test-method> <!-- logout -->
        <test-method is-config="true" signature="teardown()[pri:0, instance:testCases.TC004_Logout@70325e14]" started-at="2025-07-29T11:49:56 IST" name="teardown" finished-at="2025-07-29T11:49:57 IST" duration-ms="286" status="PASS">
          <reporter-output>
          </reporter-output>
        </test-method> <!-- teardown -->
      </class> <!-- testCases.TC004_Logout -->
      <class name="testCases.TC003_LoginDDT">
        <test-method is-config="true" signature="setup(java.lang.String,java.lang.String)[pri:0, instance:testCases.TC003_LoginDDT@23348b5d]" started-at="2025-07-29T11:49:02 IST" name="setup" finished-at="2025-07-29T11:49:09 IST" duration-ms="7643" status="PASS">
          <params>
            <param index="0">
              <value>
                <![CDATA[window]]>
              </value>
            </param>
            <param index="1">
              <value>
                <![CDATA[chrome]]>
              </value>
            </param>
          </params>
          <reporter-output>
          </reporter-output>
        </test-method> <!-- setup -->
        <test-method signature="verify_loginDDT(java.lang.String,java.lang.String,java.lang.String)[pri:0, instance:testCases.TC003_LoginDDT@23348b5d]" started-at="2025-07-29T11:49:11 IST" name="verify_loginDDT" data-provider="LoginData" finished-at="2025-07-29T11:49:22 IST" duration-ms="11226" status="PASS">
          <params>
            <param index="0">
              <value>
                <![CDATA[abcdefg@gmail.com]]>
              </value>
            </param>
            <param index="1">
              <value>
                <![CDATA[123321123]]>
              </value>
            </param>
            <param index="2">
              <value>
                <![CDATA[Invalid]]>
              </value>
            </param>
          </params>
          <reporter-output>
          </reporter-output>
        </test-method> <!-- verify_loginDDT -->
        <test-method signature="verify_loginDDT(java.lang.String,java.lang.String,java.lang.String)[pri:0, instance:testCases.TC003_LoginDDT@23348b5d]" started-at="2025-07-29T11:49:22 IST" name="verify_loginDDT" data-provider="LoginData" finished-at="2025-07-29T11:49:34 IST" duration-ms="11331" status="PASS">
          <params>
            <param index="0">
              <value>
                <![CDATA[abcdefg@gmail.com]]>
              </value>
            </param>
            <param index="1">
              <value>
                <![CDATA[venkat123321]]>
              </value>
            </param>
            <param index="2">
              <value>
                <![CDATA[Invalid]]>
              </value>
            </param>
          </params>
          <reporter-output>
          </reporter-output>
        </test-method> <!-- verify_loginDDT -->
        <test-method signature="verify_loginDDT(java.lang.String,java.lang.String,java.lang.String)[pri:0, instance:testCases.TC003_LoginDDT@23348b5d]" started-at="2025-07-29T11:49:34 IST" name="verify_loginDDT" data-provider="LoginData" finished-at="2025-07-29T11:49:46 IST" duration-ms="12086" status="PASS">
          <params>
            <param index="0">
              <value>
                <![CDATA[venkat1234321@gmail.com]]>
              </value>
            </param>
            <param index="1">
              <value>
                <![CDATA[kjiui]]>
              </value>
            </param>
            <param index="2">
              <value>
                <![CDATA[Invalid]]>
              </value>
            </param>
          </params>
          <reporter-output>
          </reporter-output>
        </test-method> <!-- verify_loginDDT -->
        <test-method signature="verify_loginDDT(java.lang.String,java.lang.String,java.lang.String)[pri:0, instance:testCases.TC003_LoginDDT@23348b5d]" started-at="2025-07-29T11:49:46 IST" name="verify_loginDDT" data-provider="LoginData" finished-at="2025-07-29T11:49:48 IST" duration-ms="1942" status="PASS">
          <params>
            <param index="0">
              <value>
                <![CDATA[venkat1234321@gmail.com]]>
              </value>
            </param>
            <param index="1">
              <value>
                <![CDATA[venkat123321]]>
              </value>
            </param>
            <param index="2">
              <value>
                <![CDATA[Valid]]>
              </value>
            </param>
          </params>
          <reporter-output>
          </reporter-output>
        </test-method> <!-- verify_loginDDT -->
        <test-method is-config="true" signature="teardown()[pri:0, instance:testCases.TC003_LoginDDT@23348b5d]" started-at="2025-07-29T11:49:48 IST" name="teardown" finished-at="2025-07-29T11:49:48 IST" duration-ms="287" status="PASS">
          <reporter-output>
          </reporter-output>
        </test-method> <!-- teardown -->
      </class> <!-- testCases.TC003_LoginDDT -->
      <class name="testCases.TC002_Login">
        <test-method is-config="true" signature="setup(java.lang.String,java.lang.String)[pri:0, instance:testCases.TC002_Login@2df3b89c]" started-at="2025-07-29T11:48:54 IST" name="setup" finished-at="2025-07-29T11:48:58 IST" duration-ms="4070" status="PASS">
          <params>
            <param index="0">
              <value>
                <![CDATA[window]]>
              </value>
            </param>
            <param index="1">
              <value>
                <![CDATA[chrome]]>
              </value>
            </param>
          </params>
          <reporter-output>
          </reporter-output>
        </test-method> <!-- setup -->
        <test-method signature="login(java.lang.String,java.lang.String)[pri:0, instance:testCases.TC002_Login@2df3b89c]" started-at="2025-07-29T11:48:58 IST" name="login" data-provider="dp" finished-at="2025-07-29T11:49:01 IST" duration-ms="2806" status="PASS">
          <params>
            <param index="0">
              <value>
                <![CDATA[venkat1234321@gmail.com]]>
              </value>
            </param>
            <param index="1">
              <value>
                <![CDATA[venkat123321]]>
              </value>
            </param>
          </params>
          <reporter-output>
          </reporter-output>
        </test-method> <!-- login -->
        <test-method is-config="true" signature="teardown()[pri:0, instance:testCases.TC002_Login@2df3b89c]" started-at="2025-07-29T11:49:01 IST" name="teardown" finished-at="2025-07-29T11:49:02 IST" duration-ms="298" status="PASS">
          <reporter-output>
          </reporter-output>
        </test-method> <!-- teardown -->
      </class> <!-- testCases.TC002_Login -->
      <class name="testCases.TC005_ForgotPassword">
        <test-method is-config="true" signature="setup(java.lang.String,java.lang.String)[pri:0, instance:testCases.TC005_ForgotPassword@37ceb1df]" started-at="2025-07-29T11:49:57 IST" name="setup" finished-at="2025-07-29T11:50:04 IST" duration-ms="6908" status="PASS">
          <params>
            <param index="0">
              <value>
                <![CDATA[window]]>
              </value>
            </param>
            <param index="1">
              <value>
                <![CDATA[chrome]]>
              </value>
            </param>
          </params>
          <reporter-output>
          </reporter-output>
        </test-method> <!-- setup -->
        <test-method signature="forgotpassword()[pri:0, instance:testCases.TC005_ForgotPassword@37ceb1df]" started-at="2025-07-29T11:50:04 IST" name="forgotpassword" finished-at="2025-07-29T11:50:05 IST" duration-ms="1426" status="PASS">
          <reporter-output>
          </reporter-output>
        </test-method> <!-- forgotpassword -->
        <test-method is-config="true" signature="teardown()[pri:0, instance:testCases.TC005_ForgotPassword@37ceb1df]" started-at="2025-07-29T11:50:05 IST" name="teardown" finished-at="2025-07-29T11:50:05 IST" duration-ms="274" status="PASS">
          <reporter-output>
          </reporter-output>
        </test-method> <!-- teardown -->
      </class> <!-- testCases.TC005_ForgotPassword -->
      <class name="testCases.TC001_AccountRegistrationTest">
        <test-method is-config="true" signature="setup(java.lang.String,java.lang.String)[pri:0, instance:testCases.TC001_AccountRegistrationTest@41a2befb]" started-at="2025-07-29T11:48:44 IST" name="setup" finished-at="2025-07-29T11:48:48 IST" duration-ms="4921" status="PASS">
          <params>
            <param index="0">
              <value>
                <![CDATA[window]]>
              </value>
            </param>
            <param index="1">
              <value>
                <![CDATA[chrome]]>
              </value>
            </param>
          </params>
          <reporter-output>
          </reporter-output>
        </test-method> <!-- setup -->
        <test-method signature="accountregistration()[pri:0, instance:testCases.TC001_AccountRegistrationTest@41a2befb]" started-at="2025-07-29T11:48:48 IST" name="accountregistration" finished-at="2025-07-29T11:48:54 IST" duration-ms="5636" status="PASS">
          <reporter-output>
          </reporter-output>
        </test-method> <!-- accountregistration -->
        <test-method is-config="true" signature="teardown()[pri:0, instance:testCases.TC001_AccountRegistrationTest@41a2befb]" started-at="2025-07-29T11:48:54 IST" name="teardown" finished-at="2025-07-29T11:48:54 IST" duration-ms="275" status="PASS">
          <reporter-output>
          </reporter-output>
        </test-method> <!-- teardown -->
      </class> <!-- testCases.TC001_AccountRegistrationTest -->
    </test> <!-- Test -->
  </suite> <!-- Suite -->
</testng-results>
